#
# There is insufficient memory for the Java Runtime Environment to continue.
# Native memory allocation (malloc) failed to allocate 1850256 bytes for Chunk::new
# Possible reasons:
#   The system is out of physical RAM or swap space
#   The process is running with CompressedOops enabled, and the Java Heap may be blocking the growth of the native heap
# Possible solutions:
#   Reduce memory load on the system
#   Increase physical memory or swap space
#   Check if swap backing store is full
#   Decrease Java heap size (-Xmx/-Xms)
#   Decrease number of Java threads
#   Decrease Java thread stack sizes (-Xss)
#   Set larger code cache with -XX:ReservedCodeCacheSize=
#   JVM is running with Unscaled Compressed Oops mode in which the Java heap is
#     placed in the first 4GB address space. The Java Heap base address is the
#     maximum limit for the native heap growth. Please use -XX:HeapBaseMinAddress
#     to set the Java Heap base and to place the Java Heap above 4GB virtual address.
# This output file may be truncated or incomplete.
#
#  Out of Memory Error (arena.cpp:189), pid=17216, tid=868
#
# JRE version: OpenJDK Runtime Environment (17.0.6) (build 17.0.6+0-b2043.56-9586694)
# Java VM: OpenJDK 64-Bit Server VM (17.0.6+0-b2043.56-9586694, mixed mode, tiered, compressed oops, compressed class ptrs, g1 gc, windows-amd64)
# No core dump will be written. Minidumps are not enabled by default on client versions of Windows
#

---------------  S U M M A R Y ------------

Command Line: --add-opens=java.base/java.util=ALL-UNNAMED --add-opens=java.base/java.lang=ALL-UNNAMED --add-opens=java.base/java.lang.invoke=ALL-UNNAMED --add-opens=java.prefs/java.util.prefs=ALL-UNNAMED --add-opens=java.base/java.nio.charset=ALL-UNNAMED --add-opens=java.base/java.net=ALL-UNNAMED --add-opens=java.base/java.util.concurrent.atomic=ALL-UNNAMED -Xmx2048m -Dfile.encoding=UTF-8 -Duser.country=KR -Duser.language=ko -Duser.variant org.gradle.launcher.daemon.bootstrap.GradleDaemon 8.0

Host: Intel(R) Core(TM) i5-8265U CPU @ 1.60GHz, 8 cores, 7G,  Windows 10 , 64 bit Build 19041 (10.0.19041.2788)
Time: Wed May 10 15:30:23 2023  Windows 10 , 64 bit Build 19041 (10.0.19041.2788) elapsed time: 26.118998 seconds (0d 0h 0m 26s)

---------------  T H R E A D  ---------------

Current thread (0x000001744b818ae0):  JavaThread "C2 CompilerThread0" daemon [_thread_in_native, id=868, stack(0x0000002a69400000,0x0000002a69500000)]


Current CompileTask:
C2:  26119 5181   !   4       java.net.URLClassLoader::findClass (47 bytes)

Stack: [0x0000002a69400000,0x0000002a69500000]
Native frames: (J=compiled Java code, j=interpreted, Vv=VM code, C=native code)
V  [jvm.dll+0x683b4a]
V  [jvm.dll+0x842654]
V  [jvm.dll+0x843dfe]
V  [jvm.dll+0x844463]
V  [jvm.dll+0x249b75]
V  [jvm.dll+0xabcac]
V  [jvm.dll+0xac27c]
V  [jvm.dll+0x368802]
V  [jvm.dll+0x332f31]
V  [jvm.dll+0x3323da]
V  [jvm.dll+0x21c201]
V  [jvm.dll+0x21b621]
V  [jvm.dll+0x1a4fdd]
V  [jvm.dll+0x22b098]
V  [jvm.dll+0x229159]
V  [jvm.dll+0x7f809c]
V  [jvm.dll+0x7f25fa]
V  [jvm.dll+0x682985]
C  [ucrtbase.dll+0x21bb2]
C  [KERNEL32.DLL+0x17604]
C  [ntdll.dll+0x526a1]


---------------  P R O C E S S  ---------------

Threads class SMR info:
_java_thread_list=0x000001744fe76160, length=40, elements={
0x000001742ee4ccb0, 0x000001744aca5250, 0x000001744ac707a0, 0x000001744b83c420,
0x000001744b83cde0, 0x000001744b813520, 0x000001744b817a80, 0x000001744b818ae0,
0x000001744b857ba0, 0x000001744b85c4c0, 0x000001744b9cae40, 0x000001744b9cf730,
0x000001744cbd20b0, 0x000001744c265fc0, 0x000001744dc2c0a0, 0x000001744dcda270,
0x000001744cd14790, 0x000001744d3750c0, 0x000001744e4daf00, 0x000001744de4ed20,
0x000001744de4deb0, 0x000001744de4e850, 0x000001744de4d510, 0x000001744de4f1f0,
0x000001744de4d9e0, 0x000001744de4d040, 0x000001744de4e380, 0x000001744de4fb90,
0x000001744de50a00, 0x000001744de50060, 0x000001744de50530, 0x000001744f8ade10,
0x000001744f8aadf0, 0x000001744f8ac130, 0x000001744f8af620, 0x000001744f8b0960,
0x000001744f8aec80, 0x000001744f8aa450, 0x000001744f8afaf0, 0x000001744f8aa920
}

Java Threads: ( => current thread )
  0x000001742ee4ccb0 JavaThread "main" [_thread_blocked, id=16400, stack(0x0000002a68700000,0x0000002a68800000)]
  0x000001744aca5250 JavaThread "Reference Handler" daemon [_thread_blocked, id=23960, stack(0x0000002a68e00000,0x0000002a68f00000)]
  0x000001744ac707a0 JavaThread "Finalizer" daemon [_thread_blocked, id=33380, stack(0x0000002a68f00000,0x0000002a69000000)]
  0x000001744b83c420 JavaThread "Signal Dispatcher" daemon [_thread_blocked, id=26212, stack(0x0000002a69000000,0x0000002a69100000)]
  0x000001744b83cde0 JavaThread "Attach Listener" daemon [_thread_blocked, id=9560, stack(0x0000002a69100000,0x0000002a69200000)]
  0x000001744b813520 JavaThread "Service Thread" daemon [_thread_blocked, id=21484, stack(0x0000002a69200000,0x0000002a69300000)]
  0x000001744b817a80 JavaThread "Monitor Deflation Thread" daemon [_thread_blocked, id=23108, stack(0x0000002a69300000,0x0000002a69400000)]
=>0x000001744b818ae0 JavaThread "C2 CompilerThread0" daemon [_thread_in_native, id=868, stack(0x0000002a69400000,0x0000002a69500000)]
  0x000001744b857ba0 JavaThread "C1 CompilerThread0" daemon [_thread_blocked, id=26268, stack(0x0000002a69500000,0x0000002a69600000)]
  0x000001744b85c4c0 JavaThread "Sweeper thread" daemon [_thread_blocked, id=32160, stack(0x0000002a69600000,0x0000002a69700000)]
  0x000001744b9cae40 JavaThread "Common-Cleaner" daemon [_thread_blocked, id=33348, stack(0x0000002a69700000,0x0000002a69800000)]
  0x000001744b9cf730 JavaThread "Notification Thread" daemon [_thread_blocked, id=22056, stack(0x0000002a69800000,0x0000002a69900000)]
  0x000001744cbd20b0 JavaThread "Daemon health stats" [_thread_blocked, id=33152, stack(0x0000002a69e00000,0x0000002a69f00000)]
  0x000001744c265fc0 JavaThread "Incoming local TCP Connector on port 65055" [_thread_in_native, id=3988, stack(0x0000002a69f00000,0x0000002a6a000000)]
  0x000001744dc2c0a0 JavaThread "Daemon periodic checks" [_thread_blocked, id=26812, stack(0x0000002a6a000000,0x0000002a6a100000)]
  0x000001744dcda270 JavaThread "Daemon" [_thread_blocked, id=24980, stack(0x0000002a6a100000,0x0000002a6a200000)]
  0x000001744cd14790 JavaThread "Handler for socket connection from /127.0.0.1:65055 to /127.0.0.1:65056" [_thread_in_native, id=31240, stack(0x0000002a6a200000,0x0000002a6a300000)]
  0x000001744d3750c0 JavaThread "Cancel handler" [_thread_blocked, id=25100, stack(0x0000002a6a300000,0x0000002a6a400000)]
  0x000001744e4daf00 JavaThread "Daemon worker" [_thread_in_Java, id=26996, stack(0x0000002a6a400000,0x0000002a6a500000)]
  0x000001744de4ed20 JavaThread "Asynchronous log dispatcher for DefaultDaemonConnection: socket connection from /127.0.0.1:65055 to /127.0.0.1:65056" [_thread_blocked, id=32612, stack(0x0000002a6a500000,0x0000002a6a600000)]
  0x000001744de4deb0 JavaThread "Stdin handler" [_thread_blocked, id=23836, stack(0x0000002a6a600000,0x0000002a6a700000)]
  0x000001744de4e850 JavaThread "Daemon client event forwarder" [_thread_blocked, id=33252, stack(0x0000002a6a700000,0x0000002a6a800000)]
  0x000001744de4d510 JavaThread "Cache worker for journal cache (C:\Users\Ki-Chan Park\.gradle\wrapper\dists\gradle-8.0-bin\caches\journal-1)" [_thread_blocked, id=17156, stack(0x0000002a6ac00000,0x0000002a6ad00000)]
  0x000001744de4f1f0 JavaThread "File lock request listener" [_thread_in_native, id=21000, stack(0x0000002a6ad00000,0x0000002a6ae00000)]
  0x000001744de4d9e0 JavaThread "Cache worker for file hash cache (C:\Users\Ki-Chan Park\.gradle\wrapper\dists\gradle-8.0-bin\caches\8.0\fileHashes)" [_thread_blocked, id=9068, stack(0x0000002a6ae00000,0x0000002a6af00000)]
  0x000001744de4d040 JavaThread "File watcher server" daemon [_thread_in_native, id=18972, stack(0x0000002a6b000000,0x0000002a6b100000)]
  0x000001744de4e380 JavaThread "File watcher consumer" daemon [_thread_blocked, id=17836, stack(0x0000002a6b100000,0x0000002a6b200000)]
  0x000001744de4fb90 JavaThread "Cache worker for checksums cache (C:\Ki-Chan Park\MyApplication\.gradle\8.0\checksums)" [_thread_blocked, id=23740, stack(0x0000002a6b200000,0x0000002a6b300000)]
  0x000001744de50a00 JavaThread "Cache worker for cache directory md-rule (C:\Users\Ki-Chan Park\.gradle\wrapper\dists\gradle-8.0-bin\caches\8.0\md-rule)" [_thread_blocked, id=32412, stack(0x0000002a6b300000,0x0000002a6b400000)]
  0x000001744de50060 JavaThread "Cache worker for file content cache (C:\Users\Ki-Chan Park\.gradle\wrapper\dists\gradle-8.0-bin\caches\8.0\fileContent)" [_thread_blocked, id=31988, stack(0x0000002a6b400000,0x0000002a6b500000)]
  0x000001744de50530 JavaThread "Cache worker for file hash cache (C:\Ki-Chan Park\MyApplication\.gradle\8.0\fileHashes)" [_thread_blocked, id=30996, stack(0x0000002a6b500000,0x0000002a6b600000)]
  0x000001744f8ade10 JavaThread "Cache worker for cache directory md-supplier (C:\Users\Ki-Chan Park\.gradle\wrapper\dists\gradle-8.0-bin\caches\8.0\md-supplier)" [_thread_blocked, id=27556, stack(0x0000002a6b600000,0x0000002a6b700000)]
  0x000001744f8aadf0 JavaThread "Cache worker for execution history cache (C:\Users\Ki-Chan Park\.gradle\wrapper\dists\gradle-8.0-bin\caches\8.0\executionHistory)" [_thread_blocked, id=31040, stack(0x0000002a6af00000,0x0000002a6b000000)]
  0x000001744f8ac130 JavaThread "jar transforms" [_thread_blocked, id=18580, stack(0x0000002a6b700000,0x0000002a6b800000)]
  0x000001744f8af620 JavaThread "jar transforms Thread 2" [_thread_blocked, id=872, stack(0x0000002a6b800000,0x0000002a6b900000)]
  0x000001744f8b0960 JavaThread "jar transforms Thread 3" [_thread_blocked, id=30208, stack(0x0000002a6b900000,0x0000002a6ba00000)]
  0x000001744f8aec80 JavaThread "jar transforms Thread 4" [_thread_blocked, id=2236, stack(0x0000002a6ba00000,0x0000002a6bb00000)]
  0x000001744f8aa450 JavaThread "Cache worker for dependencies-accessors (C:\Ki-Chan Park\MyApplication\.gradle\8.0\dependencies-accessors)" [_thread_blocked, id=21680, stack(0x0000002a6bb00000,0x0000002a6bc00000)]
  0x000001744f8afaf0 JavaThread "jar transforms Thread 5" [_thread_blocked, id=28632, stack(0x0000002a6bc00000,0x0000002a6bd00000)]
  0x000001744f8aa920 JavaThread "Cache worker for Build Output Cleanup Cache (C:\Ki-Chan Park\MyApplication\.gradle\buildOutputCleanup)" [_thread_blocked, id=2384, stack(0x0000002a6be00000,0x0000002a6bf00000)]

Other Threads:
  0x000001744ac6cf80 VMThread "VM Thread" [stack: 0x0000002a68d00000,0x0000002a68e00000] [id=24668]
  0x000001744b9d2220 WatcherThread [stack: 0x0000002a69900000,0x0000002a69a00000] [id=33996]
  0x000001742eea9e20 GCTaskThread "GC Thread#0" [stack: 0x0000002a68800000,0x0000002a68900000] [id=22376]
  0x000001744c2e2f30 GCTaskThread "GC Thread#1" [stack: 0x0000002a69a00000,0x0000002a69b00000] [id=22560]
  0x000001744c65d420 GCTaskThread "GC Thread#2" [stack: 0x0000002a69b00000,0x0000002a69c00000] [id=32340]
  0x000001744ca1f870 GCTaskThread "GC Thread#3" [stack: 0x0000002a69c00000,0x0000002a69d00000] [id=20492]
  0x000001744cb62410 GCTaskThread "GC Thread#4" [stack: 0x0000002a69d00000,0x0000002a69e00000] [id=13580]
  0x000001744c4dc160 GCTaskThread "GC Thread#5" [stack: 0x0000002a6a800000,0x0000002a6a900000] [id=26204]
  0x000001744c84dba0 GCTaskThread "GC Thread#6" [stack: 0x0000002a6a900000,0x0000002a6aa00000] [id=24296]
  0x000001744de6dc50 GCTaskThread "GC Thread#7" [stack: 0x0000002a6aa00000,0x0000002a6ab00000] [id=23460]
  0x000001742eebac70 ConcurrentGCThread "G1 Main Marker" [stack: 0x0000002a68900000,0x0000002a68a00000] [id=3048]
  0x000001742eebbd30 ConcurrentGCThread "G1 Conc#0" [stack: 0x0000002a68a00000,0x0000002a68b00000] [id=28064]
  0x000001744e6e30f0 ConcurrentGCThread "G1 Conc#1" [stack: 0x0000002a6ab00000,0x0000002a6ac00000] [id=21764]
  0x000001744aad20b0 ConcurrentGCThread "G1 Refine#0" [stack: 0x0000002a68b00000,0x0000002a68c00000] [id=23356]
  0x000001744aad28e0 ConcurrentGCThread "G1 Service" [stack: 0x0000002a68c00000,0x0000002a68d00000] [id=24368]

Threads with active compile tasks:
C2 CompilerThread0    26259 5181   !   4       java.net.URLClassLoader::findClass (47 bytes)
C1 CompilerThread0    26260 5359   !   3       java.util.concurrent.ConcurrentHashMap::transfer (849 bytes)

VM state: not at safepoint (normal execution)

VM Mutex/Monitor currently owned by a thread: None

Heap address: 0x0000000080000000, size: 2048 MB, Compressed Oops mode: 32-bit

CDS archive(s) not mapped
Compressed class space mapped at: 0x0000000100000000-0x0000000140000000, reserved size: 1073741824
Narrow klass base: 0x0000000000000000, Narrow klass shift: 3, Narrow klass range: 0x140000000

GC Precious Log:
 CPUs: 8 total, 8 available
 Memory: 7986M
 Large Page Support: Disabled
 NUMA Support: Disabled
 Compressed Oops: Enabled (32-bit)
 Heap Region Size: 1M
 Heap Min Capacity: 8M
 Heap Initial Capacity: 126M
 Heap Max Capacity: 2G
 Pre-touch: Disabled
 Parallel Workers: 8
 Concurrent Workers: 2
 Concurrent Refinement Workers: 8
 Periodic GC: Disabled

Heap:
 garbage-first heap   total 71680K, used 42071K [0x0000000080000000, 0x0000000100000000)
  region size 1024K, 11 young (11264K), 4 survivors (4096K)
 Metaspace       used 54645K, committed 55104K, reserved 1097728K
  class space    used 7159K, committed 7360K, reserved 1048576K

Heap Regions: E=young(eden), S=young(survivor), O=old, HS=humongous(starts), HC=humongous(continues), CS=collection set, F=free, OA=open archive, CA=closed archive, TAMS=top-at-mark-start (previous, next)
|   0|0x0000000080000000, 0x0000000080100000, 0x0000000080100000|100%|HS|  |TAMS 0x0000000080100000, 0x0000000080000000| Complete 
|   1|0x0000000080100000, 0x0000000080200000, 0x0000000080200000|100%|HC|  |TAMS 0x0000000080200000, 0x0000000080100000| Complete 
|   2|0x0000000080200000, 0x0000000080300000, 0x0000000080300000|100%|HC|  |TAMS 0x0000000080300000, 0x0000000080200000| Complete 
|   3|0x0000000080300000, 0x0000000080400000, 0x0000000080400000|100%|HC|  |TAMS 0x0000000080400000, 0x0000000080300000| Complete 
|   4|0x0000000080400000, 0x0000000080500000, 0x0000000080500000|100%| O|  |TAMS 0x0000000080500000, 0x0000000080400000| Untracked 
|   5|0x0000000080500000, 0x0000000080600000, 0x0000000080600000|100%| O|  |TAMS 0x0000000080600000, 0x0000000080500000| Untracked 
|   6|0x0000000080600000, 0x0000000080700000, 0x0000000080700000|100%| O|  |TAMS 0x0000000080700000, 0x0000000080600000| Untracked 
|   7|0x0000000080700000, 0x0000000080800000, 0x0000000080800000|100%| O|  |TAMS 0x0000000080800000, 0x0000000080700000| Untracked 
|   8|0x0000000080800000, 0x0000000080900000, 0x0000000080900000|100%| O|  |TAMS 0x0000000080900000, 0x0000000080800000| Untracked 
|   9|0x0000000080900000, 0x0000000080a00000, 0x0000000080a00000|100%| O|  |TAMS 0x0000000080a00000, 0x0000000080900000| Untracked 
|  10|0x0000000080a00000, 0x0000000080b00000, 0x0000000080b00000|100%| O|  |TAMS 0x0000000080a00000, 0x0000000080a00000| Untracked 
|  11|0x0000000080b00000, 0x0000000080c00000, 0x0000000080c00000|100%| O|  |TAMS 0x0000000080c00000, 0x0000000080b00000| Untracked 
|  12|0x0000000080c00000, 0x0000000080d00000, 0x0000000080d00000|100%| O|  |TAMS 0x0000000080d00000, 0x0000000080c00000| Untracked 
|  13|0x0000000080d00000, 0x0000000080e00000, 0x0000000080e00000|100%| O|  |TAMS 0x0000000080e00000, 0x0000000080d00000| Untracked 
|  14|0x0000000080e00000, 0x0000000080f00000, 0x0000000080f00000|100%| O|  |TAMS 0x0000000080f00000, 0x0000000080e00000| Untracked 
|  15|0x0000000080f00000, 0x0000000081000000, 0x0000000081000000|100%| O|  |TAMS 0x0000000081000000, 0x0000000080f00000| Untracked 
|  16|0x0000000081000000, 0x0000000081100000, 0x0000000081100000|100%| O|  |TAMS 0x0000000081100000, 0x0000000081000000| Untracked 
|  17|0x0000000081100000, 0x0000000081200000, 0x0000000081200000|100%| O|  |TAMS 0x0000000081200000, 0x0000000081100000| Untracked 
|  18|0x0000000081200000, 0x0000000081300000, 0x0000000081300000|100%| O|  |TAMS 0x0000000081300000, 0x0000000081200000| Untracked 
|  19|0x0000000081300000, 0x0000000081400000, 0x0000000081400000|100%| O|  |TAMS 0x0000000081400000, 0x0000000081300000| Untracked 
|  20|0x0000000081400000, 0x0000000081500000, 0x0000000081500000|100%| O|  |TAMS 0x0000000081400000, 0x0000000081400000| Untracked 
|  21|0x0000000081500000, 0x0000000081600000, 0x0000000081600000|100%| O|  |TAMS 0x0000000081500000, 0x0000000081500000| Untracked 
|  22|0x0000000081600000, 0x0000000081700000, 0x0000000081700000|100%| O|  |TAMS 0x0000000081600000, 0x0000000081600000| Untracked 
|  23|0x0000000081700000, 0x0000000081800000, 0x0000000081800000|100%| O|  |TAMS 0x0000000081700000, 0x0000000081700000| Untracked 
|  24|0x0000000081800000, 0x0000000081900000, 0x0000000081900000|100%| O|  |TAMS 0x0000000081800000, 0x0000000081800000| Untracked 
|  25|0x0000000081900000, 0x0000000081a00000, 0x0000000081a00000|100%| O|  |TAMS 0x0000000081900000, 0x0000000081900000| Untracked 
|  26|0x0000000081a00000, 0x0000000081b00000, 0x0000000081b00000|100%| O|  |TAMS 0x0000000081a00000, 0x0000000081a00000| Untracked 
|  27|0x0000000081b00000, 0x0000000081c00000, 0x0000000081c00000|100%| O|  |TAMS 0x0000000081b00000, 0x0000000081b00000| Untracked 
|  28|0x0000000081c00000, 0x0000000081d00000, 0x0000000081d00000|100%| O|  |TAMS 0x0000000081c00000, 0x0000000081c00000| Untracked 
|  29|0x0000000081d00000, 0x0000000081e00000, 0x0000000081e00000|100%| O|  |TAMS 0x0000000081d00000, 0x0000000081d00000| Untracked 
|  30|0x0000000081e00000, 0x0000000081f00000, 0x0000000081f00000|100%| O|  |TAMS 0x0000000081e00000, 0x0000000081e00000| Untracked 
|  31|0x0000000081f00000, 0x0000000081fe4a00, 0x0000000082000000| 89%| O|  |TAMS 0x0000000081f00000, 0x0000000081f00000| Untracked 
|  32|0x0000000082000000, 0x0000000082000000, 0x0000000082100000|  0%| F|  |TAMS 0x0000000082000000, 0x0000000082000000| Untracked 
|  33|0x0000000082100000, 0x0000000082100000, 0x0000000082200000|  0%| F|  |TAMS 0x0000000082100000, 0x0000000082100000| Untracked 
|  34|0x0000000082200000, 0x0000000082200000, 0x0000000082300000|  0%| F|  |TAMS 0x0000000082200000, 0x0000000082200000| Untracked 
|  35|0x0000000082300000, 0x0000000082300000, 0x0000000082400000|  0%| F|  |TAMS 0x0000000082300000, 0x0000000082300000| Untracked 
|  36|0x0000000082400000, 0x0000000082400000, 0x0000000082500000|  0%| F|  |TAMS 0x0000000082400000, 0x0000000082400000| Untracked 
|  37|0x0000000082500000, 0x0000000082500000, 0x0000000082600000|  0%| F|  |TAMS 0x0000000082500000, 0x0000000082500000| Untracked 
|  38|0x0000000082600000, 0x0000000082600000, 0x0000000082700000|  0%| F|  |TAMS 0x0000000082600000, 0x0000000082600000| Untracked 
|  39|0x0000000082700000, 0x0000000082700000, 0x0000000082800000|  0%| F|  |TAMS 0x0000000082700000, 0x0000000082700000| Untracked 
|  40|0x0000000082800000, 0x0000000082831298, 0x0000000082900000| 19%| S|CS|TAMS 0x0000000082800000, 0x0000000082800000| Complete 
|  41|0x0000000082900000, 0x0000000082a00000, 0x0000000082a00000|100%| S|CS|TAMS 0x0000000082900000, 0x0000000082900000| Complete 
|  42|0x0000000082a00000, 0x0000000082a00000, 0x0000000082b00000|  0%| F|  |TAMS 0x0000000082a00000, 0x0000000082a00000| Untracked 
|  43|0x0000000082b00000, 0x0000000082b00000, 0x0000000082c00000|  0%| F|  |TAMS 0x0000000082b00000, 0x0000000082b00000| Untracked 
|  44|0x0000000082c00000, 0x0000000082c00000, 0x0000000082d00000|  0%| F|  |TAMS 0x0000000082c00000, 0x0000000082c00000| Untracked 
|  45|0x0000000082d00000, 0x0000000082e00000, 0x0000000082e00000|100%| S|CS|TAMS 0x0000000082d00000, 0x0000000082d00000| Complete 
|  46|0x0000000082e00000, 0x0000000082f00000, 0x0000000082f00000|100%| S|CS|TAMS 0x0000000082e00000, 0x0000000082e00000| Complete 
|  47|0x0000000082f00000, 0x0000000082f00000, 0x0000000083000000|  0%| F|  |TAMS 0x0000000082f00000, 0x0000000082f00000| Untracked 
|  48|0x0000000083000000, 0x0000000083000000, 0x0000000083100000|  0%| F|  |TAMS 0x0000000083000000, 0x0000000083000000| Untracked 
|  49|0x0000000083100000, 0x0000000083100000, 0x0000000083200000|  0%| F|  |TAMS 0x0000000083100000, 0x0000000083100000| Untracked 
|  50|0x0000000083200000, 0x0000000083200000, 0x0000000083300000|  0%| F|  |TAMS 0x0000000083200000, 0x0000000083200000| Untracked 
|  51|0x0000000083300000, 0x0000000083300000, 0x0000000083400000|  0%| F|  |TAMS 0x0000000083300000, 0x0000000083300000| Untracked 
|  52|0x0000000083400000, 0x0000000083400000, 0x0000000083500000|  0%| F|  |TAMS 0x0000000083400000, 0x0000000083400000| Untracked 
|  53|0x0000000083500000, 0x0000000083500000, 0x0000000083600000|  0%| F|  |TAMS 0x0000000083500000, 0x0000000083500000| Untracked 
|  54|0x0000000083600000, 0x0000000083600000, 0x0000000083700000|  0%| F|  |TAMS 0x0000000083600000, 0x0000000083600000| Untracked 
|  55|0x0000000083700000, 0x0000000083700000, 0x0000000083800000|  0%| F|  |TAMS 0x0000000083700000, 0x0000000083700000| Untracked 
|  56|0x0000000083800000, 0x0000000083800000, 0x0000000083900000|  0%| F|  |TAMS 0x0000000083800000, 0x0000000083800000| Untracked 
|  57|0x0000000083900000, 0x0000000083900000, 0x0000000083a00000|  0%| F|  |TAMS 0x0000000083900000, 0x0000000083900000| Untracked 
|  58|0x0000000083a00000, 0x0000000083a00000, 0x0000000083b00000|  0%| F|  |TAMS 0x0000000083a00000, 0x0000000083a00000| Untracked 
|  59|0x0000000083b00000, 0x0000000083b00000, 0x0000000083c00000|  0%| F|  |TAMS 0x0000000083b00000, 0x0000000083b00000| Untracked 
|  70|0x0000000084600000, 0x0000000084600000, 0x0000000084700000|  0%| F|  |TAMS 0x0000000084600000, 0x0000000084600000| Untracked 
|  71|0x0000000084700000, 0x0000000084700000, 0x0000000084800000|  0%| F|  |TAMS 0x0000000084700000, 0x0000000084700000| Untracked 
|  72|0x0000000084800000, 0x00000000848697f0, 0x0000000084900000| 41%| E|  |TAMS 0x0000000084800000, 0x0000000084800000| Complete 
|  73|0x0000000084900000, 0x0000000084a00000, 0x0000000084a00000|100%| E|CS|TAMS 0x0000000084900000, 0x0000000084900000| Complete 
|  74|0x0000000084a00000, 0x0000000084b00000, 0x0000000084b00000|100%| E|CS|TAMS 0x0000000084a00000, 0x0000000084a00000| Complete 
|  75|0x0000000084b00000, 0x0000000084c00000, 0x0000000084c00000|100%| E|CS|TAMS 0x0000000084b00000, 0x0000000084b00000| Complete 
|  76|0x0000000084c00000, 0x0000000084d00000, 0x0000000084d00000|100%| E|CS|TAMS 0x0000000084c00000, 0x0000000084c00000| Complete 
|  77|0x0000000084d00000, 0x0000000084e00000, 0x0000000084e00000|100%| E|CS|TAMS 0x0000000084d00000, 0x0000000084d00000| Complete 
|  78|0x0000000084e00000, 0x0000000084f00000, 0x0000000084f00000|100%| E|CS|TAMS 0x0000000084e00000, 0x0000000084e00000| Complete 
| 125|0x0000000087d00000, 0x0000000087e00000, 0x0000000087e00000|100%| E|CS|TAMS 0x0000000087d00000, 0x0000000087d00000| Complete 

Card table byte_map: [0x00000174439a0000,0x0000017443da0000] _byte_map_base: 0x00000174435a0000

Marking Bits (Prev, Next): (CMBitMap*) 0x000001742eeaa340, (CMBitMap*) 0x000001742eeaa380
 Prev Bits: [0x00000174441a0000, 0x00000174461a0000)
 Next Bits: [0x00000174461a0000, 0x00000174481a0000)

Polling page: 0x000001742ef20000

Metaspace:

Usage:
  Non-class:     46.40 MB used.
      Class:      7.00 MB used.
       Both:     53.40 MB used.

Virtual space:
  Non-class space:       48.00 MB reserved,      46.69 MB ( 97%) committed,  6 nodes.
      Class space:        1.00 GB reserved,       7.19 MB ( <1%) committed,  1 nodes.
             Both:        1.05 GB reserved,      53.88 MB (  5%) committed. 

Chunk freelists:
   Non-Class:  800.00 KB
       Class:  720.00 KB
        Both:  1.48 MB

MaxMetaspaceSize: unlimited
CompressedClassSpaceSize: 1.00 GB
Initial GC threshold: 21.00 MB
Current GC threshold: 58.75 MB
CDS: off
MetaspaceReclaimPolicy: balanced
 - commit_granule_bytes: 65536.
 - commit_granule_words: 8192.
 - virtual_space_node_default_size: 1048576.
 - enlarge_chunks_in_place: 1.
 - new_chunks_are_fully_committed: 0.
 - uncommit_free_chunks: 1.
 - use_allocation_guard: 0.
 - handle_deallocations: 1.


Internal statistics:

num_allocs_failed_limit: 6.
num_arena_births: 464.
num_arena_deaths: 0.
num_vsnodes_births: 7.
num_vsnodes_deaths: 0.
num_space_committed: 862.
num_space_uncommitted: 0.
num_chunks_returned_to_freelist: 6.
num_chunks_taken_from_freelist: 2101.
num_chunk_merges: 6.
num_chunk_splits: 1401.
num_chunks_enlarged: 964.
num_purges: 0.
num_inconsistent_stats: 0.

CodeHeap 'non-profiled nmethods': size=120000Kb used=2843Kb max_used=2843Kb free=117157Kb
 bounds [0x000001743b600000, 0x000001743b8d0000, 0x0000017442b30000]
CodeHeap 'profiled nmethods': size=120000Kb used=10611Kb max_used=10611Kb free=109388Kb
 bounds [0x0000017433b30000, 0x0000017434590000, 0x000001743b060000]
CodeHeap 'non-nmethods': size=5760Kb used=2334Kb max_used=2374Kb free=3425Kb
 bounds [0x000001743b060000, 0x000001743b2d0000, 0x000001743b600000]
 total_blobs=6147 nmethods=5293 adapters=766
 compilation: enabled
              stopped_count=0, restarted_count=0
 full_count=0

Compilation events (20 events):
Event: 26.074 Thread 0x000001744b857ba0 5311       3       java.util.Date::<init> (10 bytes)
Event: 26.074 Thread 0x000001744b857ba0 nmethod 5311 0x0000017434568810 code [0x00000174345689a0, 0x0000017434568b18]
Event: 26.074 Thread 0x000001744b857ba0 5312       3       sun.security.x509.Extension::<init> (83 bytes)
Event: 26.075 Thread 0x000001744b857ba0 nmethod 5312 0x0000017434568c10 code [0x0000017434568e60, 0x0000017434569478]
Event: 26.075 Thread 0x000001744b857ba0 5313   !   3       sun.security.x509.CertificateExtensions::parseExtension (286 bytes)
Event: 26.078 Thread 0x000001744b857ba0 nmethod 5313 0x0000017434569710 code [0x0000017434569ae0, 0x000001743456ba48]
Event: 26.078 Thread 0x000001744b857ba0 5315       3       sun.security.util.DerValue::isContextSpecific (26 bytes)
Event: 26.079 Thread 0x000001744b857ba0 nmethod 5315 0x000001743456c890 code [0x000001743456ca40, 0x000001743456ccf8]
Event: 26.079 Thread 0x000001744b857ba0 5316  s    3       java.io.ByteArrayOutputStream::toByteArray (12 bytes)
Event: 26.079 Thread 0x000001744b857ba0 nmethod 5316 0x000001743456cd90 code [0x000001743456cf40, 0x000001743456d128]
Event: 26.079 Thread 0x000001744b857ba0 5314   !   3       sun.security.x509.OIDMap$OIDInfo::getClazz (53 bytes)
Event: 26.080 Thread 0x000001744b857ba0 nmethod 5314 0x000001743456d210 code [0x000001743456d480, 0x000001743456dd98]
Event: 26.080 Thread 0x000001744b857ba0 5317   !   3       sun.security.jca.ProviderConfig::getProvider (322 bytes)
Event: 26.084 Thread 0x000001744b857ba0 nmethod 5317 0x000001743456e110 code [0x000001743456e580, 0x00000174345703a8]
Event: 26.084 Thread 0x000001744b857ba0 5320       3       jdk.internal.reflect.Reflection::verifyMemberAccess (200 bytes)
Event: 26.089 Thread 0x000001744b857ba0 nmethod 5320 0x0000017434571110 code [0x0000017434571680, 0x0000017434573f78]
Event: 26.089 Thread 0x000001744b857ba0 5319       3       sun.security.x509.CertificateVersion::compare (7 bytes)
Event: 26.090 Thread 0x000001744b857ba0 nmethod 5319 0x0000017434574b10 code [0x0000017434574ca0, 0x0000017434574db8]
Event: 26.090 Thread 0x000001744b857ba0 5318       3       sun.security.jca.ProviderList::getProvider (22 bytes)
Event: 26.090 Thread 0x000001744b857ba0 nmethod 5318 0x0000017434574e90 code [0x0000017434575040, 0x0000017434575228]

GC Heap History (20 events):
Event: 16.200 GC heap before
{Heap before GC invocations=4 (full 0):
 garbage-first heap   total 71680K, used 53071K [0x0000000080000000, 0x0000000100000000)
  region size 1024K, 42 young (43008K), 9 survivors (9216K)
 Metaspace       used 26509K, committed 26880K, reserved 1073152K
  class space    used 3488K, committed 3648K, reserved 1048576K
}
Event: 16.213 GC heap after
{Heap after GC invocations=5 (full 0):
 garbage-first heap   total 71680K, used 20589K [0x0000000080000000, 0x0000000100000000)
  region size 1024K, 3 young (3072K), 3 survivors (3072K)
 Metaspace       used 26509K, committed 26880K, reserved 1073152K
  class space    used 3488K, committed 3648K, reserved 1048576K
}
Event: 16.284 GC heap before
{Heap before GC invocations=5 (full 0):
 garbage-first heap   total 71680K, used 21613K [0x0000000080000000, 0x0000000100000000)
  region size 1024K, 4 young (4096K), 3 survivors (3072K)
 Metaspace       used 26703K, committed 27008K, reserved 1073152K
  class space    used 3515K, committed 3648K, reserved 1048576K
}
Event: 16.288 GC heap after
{Heap after GC invocations=6 (full 0):
 garbage-first heap   total 71680K, used 20828K [0x0000000080000000, 0x0000000100000000)
  region size 1024K, 1 young (1024K), 1 survivors (1024K)
 Metaspace       used 26703K, committed 27008K, reserved 1073152K
  class space    used 3515K, committed 3648K, reserved 1048576K
}
Event: 17.871 GC heap before
{Heap before GC invocations=6 (full 0):
 garbage-first heap   total 71680K, used 50524K [0x0000000080000000, 0x0000000100000000)
  region size 1024K, 30 young (30720K), 1 survivors (1024K)
 Metaspace       used 31066K, committed 31360K, reserved 1081344K
  class space    used 4229K, committed 4352K, reserved 1048576K
}
Event: 17.875 GC heap after
{Heap after GC invocations=7 (full 0):
 garbage-first heap   total 71680K, used 22198K [0x0000000080000000, 0x0000000100000000)
  region size 1024K, 2 young (2048K), 2 survivors (2048K)
 Metaspace       used 31066K, committed 31360K, reserved 1081344K
  class space    used 4229K, committed 4352K, reserved 1048576K
}
Event: 19.145 GC heap before
{Heap before GC invocations=7 (full 0):
 garbage-first heap   total 71680K, used 45750K [0x0000000080000000, 0x0000000100000000)
  region size 1024K, 27 young (27648K), 2 survivors (2048K)
 Metaspace       used 35673K, committed 35968K, reserved 1081344K
  class space    used 4877K, committed 4992K, reserved 1048576K
}
Event: 19.153 GC heap after
{Heap after GC invocations=8 (full 0):
 garbage-first heap   total 71680K, used 24401K [0x0000000080000000, 0x0000000100000000)
  region size 1024K, 4 young (4096K), 4 survivors (4096K)
 Metaspace       used 35673K, committed 35968K, reserved 1081344K
  class space    used 4877K, committed 4992K, reserved 1048576K
}
Event: 20.864 GC heap before
{Heap before GC invocations=9 (full 0):
 garbage-first heap   total 71680K, used 53073K [0x0000000080000000, 0x0000000100000000)
  region size 1024K, 33 young (33792K), 4 survivors (4096K)
 Metaspace       used 40470K, committed 40832K, reserved 1089536K
  class space    used 5361K, committed 5504K, reserved 1048576K
}
Event: 20.876 GC heap after
{Heap after GC invocations=10 (full 0):
 garbage-first heap   total 71680K, used 28211K [0x0000000080000000, 0x0000000100000000)
  region size 1024K, 5 young (5120K), 5 survivors (5120K)
 Metaspace       used 40470K, committed 40832K, reserved 1089536K
  class space    used 5361K, committed 5504K, reserved 1048576K
}
Event: 20.896 GC heap before
{Heap before GC invocations=10 (full 0):
 garbage-first heap   total 71680K, used 29235K [0x0000000080000000, 0x0000000100000000)
  region size 1024K, 6 young (6144K), 5 survivors (5120K)
 Metaspace       used 40486K, committed 40832K, reserved 1089536K
  class space    used 5363K, committed 5504K, reserved 1048576K
}
Event: 20.905 GC heap after
{Heap after GC invocations=11 (full 0):
 garbage-first heap   total 71680K, used 28703K [0x0000000080000000, 0x0000000100000000)
  region size 1024K, 1 young (1024K), 1 survivors (1024K)
 Metaspace       used 40486K, committed 40832K, reserved 1089536K
  class space    used 5363K, committed 5504K, reserved 1048576K
}
Event: 22.096 GC heap before
{Heap before GC invocations=11 (full 0):
 garbage-first heap   total 71680K, used 56351K [0x0000000080000000, 0x0000000100000000)
  region size 1024K, 25 young (25600K), 1 survivors (1024K)
 Metaspace       used 42778K, committed 43136K, reserved 1089536K
  class space    used 5600K, committed 5760K, reserved 1048576K
}
Event: 22.101 GC heap after
{Heap after GC invocations=12 (full 0):
 garbage-first heap   total 71680K, used 30772K [0x0000000080000000, 0x0000000100000000)
  region size 1024K, 3 young (3072K), 3 survivors (3072K)
 Metaspace       used 42778K, committed 43136K, reserved 1089536K
  class space    used 5600K, committed 5760K, reserved 1048576K
}
Event: 23.025 GC heap before
{Heap before GC invocations=12 (full 0):
 garbage-first heap   total 71680K, used 54324K [0x0000000080000000, 0x0000000100000000)
  region size 1024K, 26 young (26624K), 3 survivors (3072K)
 Metaspace       used 45779K, committed 46144K, reserved 1089536K
  class space    used 6085K, committed 6208K, reserved 1048576K
}
Event: 23.032 GC heap after
{Heap after GC invocations=13 (full 0):
 garbage-first heap   total 71680K, used 32678K [0x0000000080000000, 0x0000000100000000)
  region size 1024K, 2 young (2048K), 2 survivors (2048K)
 Metaspace       used 45779K, committed 46144K, reserved 1089536K
  class space    used 6085K, committed 6208K, reserved 1048576K
}
Event: 24.288 GC heap before
{Heap before GC invocations=13 (full 0):
 garbage-first heap   total 71680K, used 56230K [0x0000000080000000, 0x0000000100000000)
  region size 1024K, 25 young (25600K), 2 survivors (2048K)
 Metaspace       used 49324K, committed 49728K, reserved 1097728K
  class space    used 6509K, committed 6656K, reserved 1048576K
}
Event: 24.296 GC heap after
{Heap after GC invocations=14 (full 0):
 garbage-first heap   total 71680K, used 33509K [0x0000000080000000, 0x0000000100000000)
  region size 1024K, 3 young (3072K), 3 survivors (3072K)
 Metaspace       used 49324K, committed 49728K, reserved 1097728K
  class space    used 6509K, committed 6656K, reserved 1048576K
}
Event: 26.021 GC heap before
{Heap before GC invocations=14 (full 0):
 garbage-first heap   total 71680K, used 57061K [0x0000000080000000, 0x0000000100000000)
  region size 1024K, 26 young (26624K), 3 survivors (3072K)
 Metaspace       used 53151K, committed 53568K, reserved 1097728K
  class space    used 6985K, committed 7168K, reserved 1048576K
}
Event: 26.030 GC heap after
{Heap after GC invocations=15 (full 0):
 garbage-first heap   total 71680K, used 35927K [0x0000000080000000, 0x0000000100000000)
  region size 1024K, 4 young (4096K), 4 survivors (4096K)
 Metaspace       used 53151K, committed 53568K, reserved 1097728K
  class space    used 6985K, committed 7168K, reserved 1048576K
}

Dll operation events (2 events):
Event: 0.073 Loaded shared library C:\Program Files\Android\Android Studio\jbr\bin\java.dll
Event: 2.369 Loaded shared library C:\Program Files\Android\Android Studio\jbr\bin\verify.dll

Deoptimization events (20 events):
Event: 25.893 Thread 0x000001744e4daf00 DEOPT PACKING pc=0x000001743b707ce8 sp=0x0000002a6a4f42c0
Event: 25.893 Thread 0x000001744e4daf00 DEOPT UNPACKING pc=0x000001743b0b69a3 sp=0x0000002a6a4f4250 mode 2
Event: 25.894 Thread 0x000001744e4daf00 Uncommon trap: trap_request=0xffffffde fr.pc=0x000001743b800b90 relative=0x0000000000000a10
Event: 25.894 Thread 0x000001744e4daf00 Uncommon trap: reason=class_check action=maybe_recompile pc=0x000001743b800b90 method=java.io.BufferedInputStream.read1([BII)I @ 39 c2
Event: 25.894 Thread 0x000001744e4daf00 DEOPT PACKING pc=0x000001743b800b90 sp=0x0000002a6a4f3fa0
Event: 25.894 Thread 0x000001744e4daf00 DEOPT UNPACKING pc=0x000001743b0b69a3 sp=0x0000002a6a4f3ed8 mode 2
Event: 25.896 Thread 0x000001744e4daf00 DEOPT PACKING pc=0x000001743b7815e8 sp=0x0000002a6a4f46f0
Event: 25.896 Thread 0x000001744e4daf00 DEOPT UNPACKING pc=0x000001743b0b7143 sp=0x0000002a6a4f3b10 mode 0
Event: 25.919 Thread 0x000001744e4daf00 Uncommon trap: trap_request=0xffffff45 fr.pc=0x000001743b6f5d18 relative=0x0000000000000258
Event: 25.919 Thread 0x000001744e4daf00 Uncommon trap: reason=unstable_if action=reinterpret pc=0x000001743b6f5d18 method=java.util.StringTokenizer.scanToken(I)I @ 42 c2
Event: 25.919 Thread 0x000001744e4daf00 DEOPT PACKING pc=0x000001743b6f5d18 sp=0x0000002a6a4f5260
Event: 25.919 Thread 0x000001744e4daf00 DEOPT UNPACKING pc=0x000001743b0b69a3 sp=0x0000002a6a4f51f0 mode 2
Event: 25.930 Thread 0x000001744e4daf00 Uncommon trap: trap_request=0xffffff45 fr.pc=0x000001743b7bec40 relative=0x0000000000000580
Event: 25.930 Thread 0x000001744e4daf00 Uncommon trap: reason=unstable_if action=reinterpret pc=0x000001743b7bec40 method=java.lang.StringLatin1.compareToCI([B[B)I @ 68 c2
Event: 25.930 Thread 0x000001744e4daf00 DEOPT PACKING pc=0x000001743b7bec40 sp=0x0000002a6a4f68a0
Event: 25.930 Thread 0x000001744e4daf00 DEOPT UNPACKING pc=0x000001743b0b69a3 sp=0x0000002a6a4f6790 mode 2
Event: 25.930 Thread 0x000001744e4daf00 Uncommon trap: trap_request=0xffffff45 fr.pc=0x000001743b7af0b8 relative=0x00000000000004f8
Event: 25.930 Thread 0x000001744e4daf00 Uncommon trap: reason=unstable_if action=reinterpret pc=0x000001743b7af0b8 method=java.lang.StringLatin1.compareToCI([B[B)I @ 68 c2
Event: 25.930 Thread 0x000001744e4daf00 DEOPT PACKING pc=0x000001743b7af0b8 sp=0x0000002a6a4f6800
Event: 25.930 Thread 0x000001744e4daf00 DEOPT UNPACKING pc=0x000001743b0b69a3 sp=0x0000002a6a4f6788 mode 2

Classes unloaded (0 events):
No events

Classes redefined (0 events):
No events

Internal exceptions (20 events):
Event: 23.386 Thread 0x000001744e4daf00 Exception <a 'java/lang/ClassNotFoundException'{0x0000000084afc3b0}: org/gradle/plugin/use/internal/PluginRequestCollector$PluginDependencySpecImplCustomizer> (0x0000000084afc3b0) 
thrown [s\src\hotspot\share\classfile\systemDictionary.cpp, line 256]
Event: 23.944 Thread 0x000001744e4daf00 Exception <a 'java/lang/NoSuchMethodError'{0x0000000083825198}: 'java.lang.Object java.lang.invoke.DirectMethodHandle$Holder.newInvokeSpecial(java.lang.Object, int, java.lang.Object)'> (0x0000000083825198) 
thrown [s\src\hotspot\share\interpreter\linkResolver.cpp, line 771]
Event: 24.419 Thread 0x000001744e4daf00 Exception <a 'java/lang/NoSuchMethodError'{0x0000000084dd5f70}: 'int java.lang.invoke.DirectMethodHandle$Holder.invokeStatic(java.lang.Object)'> (0x0000000084dd5f70) 
thrown [s\src\hotspot\share\interpreter\linkResolver.cpp, line 771]
Event: 24.419 Thread 0x000001744e4daf00 Exception <a 'java/lang/NoSuchMethodError'{0x0000000084dda360}: 'int java.lang.invoke.DirectMethodHandle$Holder.invokeStaticInit(java.lang.Object)'> (0x0000000084dda360) 
thrown [s\src\hotspot\share\interpreter\linkResolver.cpp, line 771]
Event: 24.439 Thread 0x000001744e4daf00 Exception <a 'java/lang/NoSuchMethodError'{0x0000000084c4f018}: 'java.lang.Object java.lang.invoke.DirectMethodHandle$Holder.newInvokeSpecial(java.lang.Object, java.lang.Object, java.lang.Object, java.lang.Object, java.lang.Object, int)'> (0x0000000084c4f018) 
thrown [s\src\hotspot\share\interpreter\linkResolver.cpp, line 771]
Event: 24.440 Thread 0x000001744e4daf00 Exception <a 'java/lang/NoSuchMethodError'{0x0000000084c543c8}: 'java.lang.Object java.lang.invoke.DirectMethodHandle$Holder.invokeSpecial(java.lang.Object, java.lang.Object, java.lang.Object, java.lang.Object, java.lang.Object, java.lang.Object, int)'> (0x0000000084c543c8) 
thrown [s\src\hotspot\share\interpreter\linkResolver.cpp, line 771]
Event: 24.480 Thread 0x000001744e4daf00 Exception <a 'java/lang/NoSuchMethodError'{0x0000000084b358b8}: 'void java.lang.invoke.DirectMethodHandle$Holder.invokeStatic(java.lang.Object, java.lang.Object, java.lang.Object, int, java.lang.Object)'> (0x0000000084b358b8) 
thrown [s\src\hotspot\share\interpreter\linkResolver.cpp, line 771]
Event: 24.604 Thread 0x000001744e4daf00 Exception <a 'java/lang/NoSuchMethodError'{0x00000000848dfde8}: 'java.lang.Object java.lang.invoke.DelegatingMethodHandle$Holder.reinvoke_L(java.lang.Object, java.lang.Object, java.lang.Object, java.lang.Object, java.lang.Object, java.lang.Object, java.lang.Object, java.lang.Object, java.lang.Object, java.lang.Object, java.lang.Object, java.lang.Object, java.lang.Object, java.lang.Object, java.lang.Object, java.lang.Object, java.lang.Object, java.lang.Object, java.lang.Object, java.lang.Object, java.lang.O
Event: 24.606 Thread 0x000001744e4daf00 Exception <a 'java/lang/NoSuchMethodError'{0x00000000848fcb30}: 'java.lang.Object java.lang.invoke.Invokers$Holder.invoker(java.lang.Object, java.lang.Object, java.lang.Object, java.lang.Object, java.lang.Object, java.lang.Object, java.lang.Object, java.lang.Object, java.lang.Object, java.lang.Object, java.lang.Object, java.lang.Object, java.lang.Object, java.lang.Object, java.lang.Object, java.lang.Object, java.lang.Object, java.lang.Object, java.lang.Object, java.lang.Object, java.lang.Object)'> (0x00000
Event: 24.607 Thread 0x000001744e4daf00 Exception <a 'java/lang/NoSuchMethodError'{0x0000000084704458}: 'java.lang.Object java.lang.invoke.DelegatingMethodHandle$Holder.delegate(java.lang.Object, java.lang.Object, java.lang.Object, java.lang.Object, java.lang.Object, java.lang.Object, java.lang.Object, java.lang.Object, java.lang.Object, java.lang.Object, java.lang.Object, java.lang.Object, java.lang.Object, java.lang.Object, java.lang.Object, java.lang.Object, java.lang.Object, java.lang.Object, java.lang.Object, java.lang.Object, java.lang.Obj
Event: 24.623 Thread 0x000001744e4daf00 Exception <a 'java/lang/NoSuchMethodError'{0x0000000084774d60}: 'java.lang.Object java.lang.invoke.DirectMethodHandle$Holder.invokeStatic(java.lang.Object, java.lang.Object, java.lang.Object, java.lang.Object, java.lang.Object, java.lang.Object, java.lang.Object, java.lang.Object, java.lang.Object, java.lang.Object, java.lang.Object, java.lang.Object, java.lang.Object, java.lang.Object, java.lang.Object, java.lang.Object, java.lang.Object)'> (0x0000000084774d60) 
thrown [s\src\hotspot\share\interpreter\lin
Event: 24.627 Thread 0x000001744e4daf00 Exception <a 'java/lang/NoSuchMethodError'{0x000000008479d0e0}: 'java.lang.Object java.lang.invoke.DirectMethodHandle$Holder.invokeStatic(java.lang.Object, java.lang.Object, java.lang.Object, java.lang.Object, java.lang.Object, java.lang.Object, java.lang.Object, java.lang.Object, java.lang.Object, java.lang.Object, java.lang.Object, java.lang.Object, java.lang.Object, java.lang.Object, java.lang.Object, java.lang.Object, java.lang.Object, java.lang.Object)'> (0x000000008479d0e0) 
thrown [s\src\hotspot\sha
Event: 24.633 Thread 0x000001744e4daf00 Exception <a 'java/lang/NoSuchMethodError'{0x00000000847c5c78}: 'java.lang.Object java.lang.invoke.DirectMethodHandle$Holder.invokeStatic(java.lang.Object, java.lang.Object, java.lang.Object, java.lang.Object, java.lang.Object, java.lang.Object, java.lang.Object, java.lang.Object, java.lang.Object, java.lang.Object, java.lang.Object, java.lang.Object, java.lang.Object, java.lang.Object, java.lang.Object, java.lang.Object, java.lang.Object, java.lang.Object, java.lang.Object)'> (0x00000000847c5c78) 
thrown 
Event: 24.636 Thread 0x000001744e4daf00 Exception <a 'java/lang/NoSuchMethodError'{0x00000000847efd10}: 'java.lang.Object java.lang.invoke.DirectMethodHandle$Holder.invokeStatic(java.lang.Object, java.lang.Object, java.lang.Object, java.lang.Object, java.lang.Object, java.lang.Object, java.lang.Object, java.lang.Object, java.lang.Object, java.lang.Object, java.lang.Object, java.lang.Object, java.lang.Object, java.lang.Object, java.lang.Object, java.lang.Object, java.lang.Object, java.lang.Object, java.lang.Object, java.lang.Object)'> (0x00000000
Event: 24.639 Thread 0x000001744e4daf00 Exception <a 'java/lang/NoSuchMethodError'{0x000000008461ae90}: 'java.lang.Object java.lang.invoke.DirectMethodHandle$Holder.invokeStatic(java.lang.Object, java.lang.Object, java.lang.Object, java.lang.Object, java.lang.Object, java.lang.Object, java.lang.Object, java.lang.Object, java.lang.Object, java.lang.Object, java.lang.Object, java.lang.Object, java.lang.Object, java.lang.Object, java.lang.Object, java.lang.Object, java.lang.Object, java.lang.Object, java.lang.Object, java.lang.Object, java.lang.Obj
Event: 24.643 Thread 0x000001744e4daf00 Exception <a 'java/lang/NoSuchMethodError'{0x00000000846466e8}: 'java.lang.Object java.lang.invoke.DirectMethodHandle$Holder.invokeStatic(java.lang.Object, java.lang.Object, java.lang.Object, java.lang.Object, java.lang.Object, java.lang.Object, java.lang.Object, java.lang.Object, java.lang.Object, java.lang.Object, java.lang.Object, java.lang.Object, java.lang.Object, java.lang.Object, java.lang.Object, java.lang.Object, java.lang.Object, java.lang.Object, java.lang.Object, java.lang.Object, java.lang.Obj
Event: 24.646 Thread 0x000001744e4daf00 Exception <a 'java/lang/NoSuchMethodError'{0x0000000084674bd8}: 'java.lang.Object java.lang.invoke.DirectMethodHandle$Holder.invokeStatic(java.lang.Object, java.lang.Object, java.lang.Object, java.lang.Object, java.lang.Object, java.lang.Object, java.lang.Object, java.lang.Object, java.lang.Object, java.lang.Object, java.lang.Object, java.lang.Object, java.lang.Object, java.lang.Object, java.lang.Object, java.lang.Object, java.lang.Object, java.lang.Object, java.lang.Object, java.lang.Object, java.lang.Obj
Event: 24.650 Thread 0x000001744e4daf00 Exception <a 'java/lang/NoSuchMethodError'{0x00000000846a37b8}: 'java.lang.Object java.lang.invoke.DirectMethodHandle$Holder.invokeStatic(java.lang.Object, java.lang.Object, java.lang.Object, java.lang.Object, java.lang.Object, java.lang.Object, java.lang.Object, java.lang.Object, java.lang.Object, java.lang.Object, java.lang.Object, java.lang.Object, java.lang.Object, java.lang.Object, java.lang.Object, java.lang.Object, java.lang.Object, java.lang.Object, java.lang.Object, java.lang.Object, java.lang.Obj
Event: 25.805 Thread 0x000001744e4daf00 Implicit null exception at 0x000001743b65a0f2 to 0x000001743b65a72c
Event: 25.883 Thread 0x000001744e4daf00 Exception <a 'sun/nio/fs/WindowsException'{0x00000000830cfc90}> (0x00000000830cfc90) 
thrown [s\src\hotspot\share\prims\jni.cpp, line 517]

VM Operations (20 events):
Event: 24.288 Executing VM operation: G1CollectForAllocation
Event: 24.296 Executing VM operation: G1CollectForAllocation done
Event: 25.311 Executing VM operation: Cleanup
Event: 25.311 Executing VM operation: Cleanup done
Event: 25.672 Executing VM operation: HandshakeAllThreads
Event: 25.672 Executing VM operation: HandshakeAllThreads done
Event: 25.829 Executing VM operation: HandshakeAllThreads
Event: 25.829 Executing VM operation: HandshakeAllThreads done
Event: 25.830 Executing VM operation: HandshakeAllThreads
Event: 25.830 Executing VM operation: HandshakeAllThreads done
Event: 25.885 Executing VM operation: HandshakeAllThreads
Event: 25.885 Executing VM operation: HandshakeAllThreads done
Event: 25.895 Executing VM operation: HandshakeAllThreads
Event: 25.895 Executing VM operation: HandshakeAllThreads done
Event: 25.897 Executing VM operation: HandshakeAllThreads
Event: 25.897 Executing VM operation: HandshakeAllThreads done
Event: 25.981 Executing VM operation: HandshakeAllThreads
Event: 25.982 Executing VM operation: HandshakeAllThreads done
Event: 26.020 Executing VM operation: G1CollectForAllocation
Event: 26.030 Executing VM operation: G1CollectForAllocation done

Events (20 events):
Event: 26.106 loading class sun/security/ssl/SSLProducer
Event: 26.106 loading class sun/security/ssl/SSLProducer done
Event: 26.106 loading class sun/security/ssl/HelloRequest$HelloRequestKickstartProducer done
Event: 26.106 loading class sun/security/ssl/HelloRequest$HelloRequestConsumer
Event: 26.106 loading class sun/security/ssl/HelloRequest$HelloRequestConsumer done
Event: 26.106 loading class sun/security/ssl/HelloRequest$HelloRequestProducer
Event: 26.106 loading class sun/security/ssl/HelloRequest$HelloRequestProducer done
Event: 26.106 loading class sun/security/ssl/ClientHello
Event: 26.107 loading class sun/security/ssl/ClientHello done
Event: 26.107 loading class sun/security/ssl/ClientHello$ClientHelloKickstartProducer
Event: 26.107 loading class sun/security/ssl/ClientHello$ClientHelloKickstartProducer done
Event: 26.107 loading class sun/security/ssl/ClientHello$ClientHelloConsumer
Event: 26.107 loading class sun/security/ssl/ClientHello$ClientHelloConsumer done
Event: 26.107 loading class sun/security/ssl/ClientHello$ClientHelloProducer
Event: 26.108 loading class sun/security/ssl/ClientHello$ClientHelloProducer done
Event: 26.108 loading class sun/security/ssl/ClientHello$T12ClientHelloConsumer
Event: 26.108 loading class sun/security/ssl/HandshakeConsumer
Event: 26.108 loading class sun/security/ssl/HandshakeConsumer done
Event: 26.108 loading class sun/security/ssl/ClientHello$T12ClientHelloConsumer done
Event: 26.108 loading class sun/security/ssl/ClientHello$T13ClientHelloConsumer


Dynamic libraries:
0x00007ff6aff20000 - 0x00007ff6aff2a000 	C:\Program Files\Android\Android Studio\jbr\bin\java.exe
0x00007ff9612d0000 - 0x00007ff9614c8000 	C:\WINDOWS\SYSTEM32\ntdll.dll
0x00007ff960db0000 - 0x00007ff960e6f000 	C:\WINDOWS\System32\KERNEL32.DLL
0x00007ff95f020000 - 0x00007ff95f2fa000 	C:\WINDOWS\System32\KERNELBASE.dll
0x00007ff95ec80000 - 0x00007ff95ed80000 	C:\WINDOWS\System32\ucrtbase.dll
0x00007ff94a5e0000 - 0x00007ff94a5f7000 	C:\Program Files\Android\Android Studio\jbr\bin\jli.dll
0x00007ff95f460000 - 0x00007ff95f5fd000 	C:\WINDOWS\System32\USER32.dll
0x00007ff948fe0000 - 0x00007ff948ffb000 	C:\Program Files\Android\Android Studio\jbr\bin\VCRUNTIME140.dll
0x00007ff95eff0000 - 0x00007ff95f012000 	C:\WINDOWS\System32\win32u.dll
0x00007ff960e70000 - 0x00007ff960e9b000 	C:\WINDOWS\System32\GDI32.dll
0x00007ff95eee0000 - 0x00007ff95eff0000 	C:\WINDOWS\System32\gdi32full.dll
0x00007ff95ea30000 - 0x00007ff95eacd000 	C:\WINDOWS\System32\msvcp_win.dll
0x00007ff93fef0000 - 0x00007ff94018a000 	C:\WINDOWS\WinSxS\amd64_microsoft.windows.common-controls_6595b64144ccf1df_6.0.19041.1110_none_60b5254171f9507e\COMCTL32.dll
0x00007ff9602c0000 - 0x00007ff96035e000 	C:\WINDOWS\System32\msvcrt.dll
0x00007ff960400000 - 0x00007ff960430000 	C:\WINDOWS\System32\IMM32.DLL
0x00007ff9575a0000 - 0x00007ff9575ac000 	C:\Program Files\Android\Android Studio\jbr\bin\vcruntime140_1.dll
0x00007ff926e30000 - 0x00007ff926ebd000 	C:\Program Files\Android\Android Studio\jbr\bin\msvcp140.dll
0x00007ff915770000 - 0x00007ff9163dd000 	C:\Program Files\Android\Android Studio\jbr\bin\server\jvm.dll
0x00007ff95f750000 - 0x00007ff95f7fe000 	C:\WINDOWS\System32\ADVAPI32.dll
0x00007ff95f6b0000 - 0x00007ff95f74c000 	C:\WINDOWS\System32\sechost.dll
0x00007ff95f330000 - 0x00007ff95f456000 	C:\WINDOWS\System32\RPCRT4.dll
0x00007ff949fe0000 - 0x00007ff94a007000 	C:\WINDOWS\SYSTEM32\WINMM.dll
0x00007ff957d30000 - 0x00007ff957d3a000 	C:\WINDOWS\SYSTEM32\VERSION.dll
0x00007ff939160000 - 0x00007ff939169000 	C:\WINDOWS\SYSTEM32\WSOCK32.dll
0x00007ff960ec0000 - 0x00007ff960f2b000 	C:\WINDOWS\System32\WS2_32.dll
0x00007ff95d1d0000 - 0x00007ff95d1e2000 	C:\WINDOWS\SYSTEM32\kernel.appcore.dll
0x00007ff958a60000 - 0x00007ff958a6a000 	C:\Program Files\Android\Android Studio\jbr\bin\jimage.dll
0x00007ff95cf80000 - 0x00007ff95d164000 	C:\WINDOWS\SYSTEM32\DBGHELP.DLL
0x00007ff957fe0000 - 0x00007ff958014000 	C:\WINDOWS\SYSTEM32\dbgcore.DLL
0x00007ff95ead0000 - 0x00007ff95eb52000 	C:\WINDOWS\System32\bcryptPrimitives.dll
0x00007ff9558f0000 - 0x00007ff955915000 	C:\Program Files\Android\Android Studio\jbr\bin\java.dll
0x00007ff956ac0000 - 0x00007ff956ad8000 	C:\Program Files\Android\Android Studio\jbr\bin\zip.dll
0x00007ff95fb70000 - 0x00007ff9602b4000 	C:\WINDOWS\System32\SHELL32.dll
0x00007ff95c7e0000 - 0x00007ff95cf73000 	C:\WINDOWS\SYSTEM32\windows.storage.dll
0x00007ff960f30000 - 0x00007ff961284000 	C:\WINDOWS\System32\combase.dll
0x00007ff95e360000 - 0x00007ff95e38e000 	C:\WINDOWS\SYSTEM32\Wldp.dll
0x00007ff95f600000 - 0x00007ff95f6ad000 	C:\WINDOWS\System32\SHCORE.dll
0x00007ff95fa10000 - 0x00007ff95fa65000 	C:\WINDOWS\System32\shlwapi.dll
0x00007ff95e920000 - 0x00007ff95e93f000 	C:\WINDOWS\SYSTEM32\profapi.dll
0x00007ff955750000 - 0x00007ff955769000 	C:\Program Files\Android\Android Studio\jbr\bin\net.dll
0x00007ff956df0000 - 0x00007ff956efa000 	C:\WINDOWS\SYSTEM32\WINHTTP.dll
0x00007ff95e070000 - 0x00007ff95e0da000 	C:\WINDOWS\system32\mswsock.dll
0x00007ff9556f0000 - 0x00007ff955706000 	C:\Program Files\Android\Android Studio\jbr\bin\nio.dll
0x00007ff957650000 - 0x00007ff957660000 	C:\Program Files\Android\Android Studio\jbr\bin\verify.dll
0x00007ff949000000 - 0x00007ff949027000 	C:\Users\Ki-Chan Park\.gradle\wrapper\dists\gradle-8.0-bin\native\68d5fa5c4cc2d200863cafc0d521ce42e7d3e7ee720ec0a83991735586a16f82\windows-amd64\native-platform.dll
0x00007ff9146f0000 - 0x00007ff914834000 	C:\Users\Ki-Chan Park\.gradle\wrapper\dists\gradle-8.0-bin\native\e376f236ea51e6404a007f0833ffe2c6e607c4080706a723a18a27aeea778392\windows-amd64\native-platform-file-events.dll
0x00007ff958a50000 - 0x00007ff958a59000 	C:\Program Files\Android\Android Studio\jbr\bin\management.dll
0x00007ff957d90000 - 0x00007ff957d9b000 	C:\Program Files\Android\Android Studio\jbr\bin\management_ext.dll
0x00007ff960eb0000 - 0x00007ff960eb8000 	C:\WINDOWS\System32\PSAPI.DLL
0x00007ff95e290000 - 0x00007ff95e2a8000 	C:\WINDOWS\SYSTEM32\CRYPTSP.dll
0x00007ff95d9a0000 - 0x00007ff95d9d4000 	C:\WINDOWS\system32\rsaenh.dll
0x00007ff95f300000 - 0x00007ff95f327000 	C:\WINDOWS\System32\bcrypt.dll
0x00007ff95e8e0000 - 0x00007ff95e90e000 	C:\WINDOWS\SYSTEM32\USERENV.dll
0x00007ff95e2b0000 - 0x00007ff95e2bc000 	C:\WINDOWS\SYSTEM32\CRYPTBASE.dll
0x00007ff95dd80000 - 0x00007ff95ddbc000 	C:\WINDOWS\SYSTEM32\IPHLPAPI.DLL
0x00007ff960ea0000 - 0x00007ff960ea8000 	C:\WINDOWS\System32\NSI.dll
0x00007ff9585b0000 - 0x00007ff9585c7000 	C:\WINDOWS\SYSTEM32\dhcpcsvc6.DLL
0x00007ff958590000 - 0x00007ff9585ad000 	C:\WINDOWS\SYSTEM32\dhcpcsvc.DLL
0x00007ff95ddc0000 - 0x00007ff95de8b000 	C:\WINDOWS\SYSTEM32\DNSAPI.dll
0x00007ff957580000 - 0x00007ff957587000 	C:\WINDOWS\system32\wshunix.dll

dbghelp: loaded successfully - version: 4.0.5 - missing functions: none
symbol engine: initialized successfully - sym options: 0x614 - pdb path: .;C:\Program Files\Android\Android Studio\jbr\bin;C:\WINDOWS\SYSTEM32;C:\WINDOWS\WinSxS\amd64_microsoft.windows.common-controls_6595b64144ccf1df_6.0.19041.1110_none_60b5254171f9507e;C:\Program Files\Android\Android Studio\jbr\bin\server;C:\Users\Ki-Chan Park\.gradle\wrapper\dists\gradle-8.0-bin\native\68d5fa5c4cc2d200863cafc0d521ce42e7d3e7ee720ec0a83991735586a16f82\windows-amd64;C:\Users\Ki-Chan Park\.gradle\wrapper\dists\gradle-8.0-bin\native\e376f236ea51e6404a007f0833ffe2c6e607c4080706a723a18a27aeea778392\windows-amd64

VM Arguments:
jvm_args: --add-opens=java.base/java.util=ALL-UNNAMED --add-opens=java.base/java.lang=ALL-UNNAMED --add-opens=java.base/java.lang.invoke=ALL-UNNAMED --add-opens=java.prefs/java.util.prefs=ALL-UNNAMED --add-opens=java.base/java.nio.charset=ALL-UNNAMED --add-opens=java.base/java.net=ALL-UNNAMED --add-opens=java.base/java.util.concurrent.atomic=ALL-UNNAMED -Xmx2048m -Dfile.encoding=UTF-8 -Duser.country=KR -Duser.language=ko -Duser.variant 
java_command: org.gradle.launcher.daemon.bootstrap.GradleDaemon 8.0
java_class_path (initial): C:\Users\Ki-Chan Park\.gradle\wrapper\dists\gradle-8.0-bin\wrapper\dists\gradle-8.0-bin\ca5e32bp14vu59qr306oxotwh\gradle-8.0\lib\gradle-launcher-8.0.jar
Launcher Type: SUN_STANDARD

[Global flags]
     intx CICompilerCount                          = 4                                         {product} {ergonomic}
     uint ConcGCThreads                            = 2                                         {product} {ergonomic}
     uint G1ConcRefinementThreads                  = 8                                         {product} {ergonomic}
   size_t G1HeapRegionSize                         = 1048576                                   {product} {ergonomic}
    uintx GCDrainStackTargetSize                   = 64                                        {product} {ergonomic}
   size_t InitialHeapSize                          = 132120576                                 {product} {ergonomic}
   size_t MarkStackSize                            = 4194304                                   {product} {ergonomic}
   size_t MaxHeapSize                              = 2147483648                                {product} {command line}
   size_t MaxNewSize                               = 1287651328                                {product} {ergonomic}
   size_t MinHeapDeltaBytes                        = 1048576                                   {product} {ergonomic}
   size_t MinHeapSize                              = 8388608                                   {product} {ergonomic}
    uintx NonNMethodCodeHeapSize                   = 5839372                                {pd product} {ergonomic}
    uintx NonProfiledCodeHeapSize                  = 122909434                              {pd product} {ergonomic}
    uintx ProfiledCodeHeapSize                     = 122909434                              {pd product} {ergonomic}
    uintx ReservedCodeCacheSize                    = 251658240                              {pd product} {ergonomic}
     bool SegmentedCodeCache                       = true                                      {product} {ergonomic}
   size_t SoftMaxHeapSize                          = 2147483648                             {manageable} {ergonomic}
     bool UseCompressedClassPointers               = true                           {product lp64_product} {ergonomic}
     bool UseCompressedOops                        = true                           {product lp64_product} {ergonomic}
     bool UseG1GC                                  = true                                      {product} {ergonomic}
     bool UseLargePagesIndividualAllocation        = false                                  {pd product} {ergonomic}

Logging:
Log output configuration:
 #0: stdout all=warning uptime,level,tags
 #1: stderr all=off uptime,level,tags

Environment Variables:
PATH=C:\Program Files\Common Files\Oracle\Java\javapath;C:\Program Files\Eclipse Adoptium\jdk-17.0.5.8-hotspot\bin;C:\Program Files (x86)\Intel\Intel(R) Management Engine Components\iCLS\;C:\Program Files\Intel\Intel(R) Management Engine Components\iCLS\;C:\WINDOWS\system32;C:\WINDOWS;C:\WINDOWS\System32\Wbem;C:\WINDOWS\System32\WindowsPowerShell\v1.0\;C:\WINDOWS\System32\OpenSSH\;C:\Program Files (x86)\Intel\Intel(R) Management Engine Components\DAL;C:\Program Files\Intel\Intel(R) Management Engine Components\DAL;C:\Program Files\dotnet\;C:\Program Files\Geth;C:\Users\Ki-Chan Park;C:\Program Files\Microsoft SQL Server\Client SDK\ODBC\170\Tools\Binn\;C:\Program Files (x86)\Microsoft SQL Server\150\Tools\Binn\;C:\Program Files\Microsoft SQL Server\150\Tools\Binn\;C:\Program Files\Microsoft SQL Server\150\DTS\Binn\;C:\Program Files (x86)\Microsoft SQL Server\150\DTS\Binn\;C:\Program Files\Azure Data Studio\bin;%NVM_HOME%;%NVM_SYMLINK%;C:\Program Files\Git\cmd;C:\Program Files\Java\jre7\bin;C:\Users\Ki-Chan Park\AppData\Roaming\npm;C:\Users\Ki-Chan Park\Desktop\\Microsoft VS Code\bin;C:\Users\Ki-Chan Park\AppData\Roaming\nvm;C:\Program Files\nodejs
USERNAME=Ki-Chan Park
OS=Windows_NT
PROCESSOR_IDENTIFIER=Intel64 Family 6 Model 142 Stepping 11, GenuineIntel
TMP=C:\Users\KI-CHA~1\AppData\Local\Temp
TEMP=C:\Users\KI-CHA~1\AppData\Local\Temp



---------------  S Y S T E M  ---------------

OS:
 Windows 10 , 64 bit Build 19041 (10.0.19041.2788)
OS uptime: 6 days 20:13 hours
Hyper-V role detected

CPU: total 8 (initial active 8) (4 cores per cpu, 2 threads per core) family 6 model 142 stepping 11 microcode 0xae, cx8, cmov, fxsr, ht, mmx, 3dnowpref, sse, sse2, sse3, ssse3, sse4.1, sse4.2, popcnt, lzcnt, tsc, tscinvbit, avx, avx2, aes, erms, clmul, bmi1, bmi2, adx, fma, vzeroupper, clflush, clflushopt, hv

Memory: 4k page, system-wide physical 7986M (385M free)
TotalPageFile size 32562M (AvailPageFile size 2M)
current process WorkingSet (physical memory assigned to process): 231M, peak: 231M
current process commit charge ("private bytes"): 264M, peak: 265M

vm_info: OpenJDK 64-Bit Server VM (17.0.6+0-b2043.56-9586694) for windows-amd64 JRE (17.0.6+0-b2043.56-9586694), built on Feb  9 2023 20:06:20 by "androidbuild" with MS VC++ 16.10 / 16.11 (VS2019)

END.
